<?xml version="1.0" encoding="UTF-8"?>
<!-- Generated by org.testng.reporters.JUnitXMLReporter -->
<testsuite ignored="6" hostname="IN-3SJWDK3" failures="0" tests="1" name="Default test" time="4.854" errors="0" timestamp="2024-06-24T16:50:25 IST">
  <testcase classname="com.nagarro.nagp.restassured.testpackage.AllBookingTest" name="createBooking" time="4.528"/>
  <testcase classname="com.nagarro.nagp.restassured.testpackage.AllBookingTest" name="createBookingResponseSchemaValidation" time="0.0">
    <ignored/>
  </testcase> <!-- createBookingResponseSchemaValidation -->
  <testcase classname="com.nagarro.nagp.restassured.testpackage.AllBookingTest" name="updateBooking" time="0.0">
    <ignored/>
  </testcase> <!-- updateBooking -->
  <testcase classname="com.nagarro.nagp.restassured.testpackage.AllBookingTest" name="getBooking" time="0.0">
    <ignored/>
  </testcase> <!-- getBooking -->
  <testcase classname="com.nagarro.nagp.restassured.testpackage.AllBookingTest" name="partialUpdateBooking" time="0.0">
    <ignored/>
  </testcase> <!-- partialUpdateBooking -->
  <testcase classname="com.nagarro.nagp.restassured.testpackage.AllBookingTest" name="getBookings" time="0.0">
    <ignored/>
  </testcase> <!-- getBookings -->
  <testcase classname="com.nagarro.nagp.restassured.testpackage.AllBookingTest" name="deleteBooking" time="0.0">
    <ignored/>
  </testcase> <!-- deleteBooking -->
</testsuite> <!-- Default test -->
