<?xml version="1.0" encoding="UTF-8"?>
<!-- Generated by org.testng.reporters.JUnitXMLReporter -->
<testsuite ignored="0" hostname="IN-3SJWDK3" failures="0" tests="7" name="Test1" time="20.212" errors="0" timestamp="2024-06-24T12:36:01 IST">
  <testcase classname="com.nagarro.nagp.restassured.testpackage.AllBookingTest" name="createBooking" time="3.385"/>
  <testcase classname="com.nagarro.nagp.restassured.testpackage.AllBookingTest" name="getBooking" time="1.465"/>
  <testcase classname="com.nagarro.nagp.restassured.testpackage.AllBookingTest" name="partialUpdateBooking" time="3.688"/>
  <testcase classname="com.nagarro.nagp.restassured.testpackage.AllBookingTest" name="updateBooking" time="4.814"/>
  <testcase classname="com.nagarro.nagp.restassured.testpackage.AllBookingTest" name="deleteBooking" time="3.161"/>
  <testcase classname="com.nagarro.nagp.restassured.testpackage.AllBookingTest" name="getBookings" time="1.737"/>
  <testcase classname="com.nagarro.nagp.restassured.testpackage.AllBookingTest" name="createBookingResponseSchemaValidation" time="1.633"/>
</testsuite> <!-- Test1 -->
