<?xml version="1.0" encoding="UTF-8"?>
<testsuite xmlns:xsi="http://www.w3.org/2001/XMLSchema-instance" xsi:noNamespaceSchemaLocation="https://maven.apache.org/surefire/maven-surefire-plugin/xsd/surefire-test-report-3.0.xsd" version="3.0" name="TestSuite" time="22.135" tests="7" errors="0" skipped="0" failures="0">
  <properties>
[...]
</properties>
  <testcase name="createBooking" classname="com.nagarro.nagp.restassured.testpackage.AllBookingTest" time="3.392">
    <system-out><![CDATA[Test case  :createBooking started
Request method:	POST
Request URI:	https://restful-booker.herokuapp.com/booking
Proxy:			<none>
Request params:	<none>
Query params:	<none>
Form params:	<none>
Path params:	<none>
Headers:		Accept=*/*
				Content-Type=application/json
Cookies:		<none>
Multiparts:		<none>
Body:
{
    "firstname": "Anil",
    "lastname": "Kumar",
    "totalprice": 2345,
    "depositpaid": false,
    "bookingdates": {
        "checkin": "2024-07-01",
        "checkout": "2024-07-12"
    },
    "additionalneeds": "Bed tea,Breakfast"
}
New book id is 1681
]]></system-out>
    <system-err><![CDATA[SLF4J: Failed to load class "org.slf4j.impl.StaticLoggerBinder".
SLF4J: Defaulting to no-operation (NOP) logger implementation
SLF4J: See http://www.slf4j.org/codes.html#StaticLoggerBinder for further details.
]]></system-err>
  </testcase>
  <testcase name="getBooking" classname="com.nagarro.nagp.restassured.testpackage.AllBookingTest" time="1.467">
    <system-out><![CDATA[Test case  :getBooking started
Request method:	GET
Request URI:	https://restful-booker.herokuapp.com/booking/1681
Proxy:			<none>
Request params:	<none>
Query params:	<none>
Form params:	<none>
Path params:	<none>
Headers:		Accept=*/*
				Content-Type=application/json
Cookies:		<none>
Multiparts:		<none>
Body:			<none>
HTTP/1.1 200 OK
Server: Cowboy
Report-To: {"group":"heroku-nel","max_age":3600,"endpoints":[{"url":"https://nel.heroku.com/reports?ts=1719212746&sid=c46efe9b-d3d2-4a0c-8c76-bfafa16c5add&s=WHh8BTfKvbTCVv4q%2BK8a%2BFQRADQ23EwUJMsUl2DrPdE%3D"}]}
Reporting-Endpoints: heroku-nel=https://nel.heroku.com/reports?ts=1719212746&sid=c46efe9b-d3d2-4a0c-8c76-bfafa16c5add&s=WHh8BTfKvbTCVv4q%2BK8a%2BFQRADQ23EwUJMsUl2DrPdE%3D
Nel: {"report_to":"heroku-nel","max_age":3600,"success_fraction":0.005,"failure_fraction":0.05,"response_headers":["Via"]}
Connection: keep-alive
X-Powered-By: Express
Content-Type: application/json; charset=utf-8
Content-Length: 179
Etag: W/"b3-QgOoOMr9/P+smJMYmsISUdv2Ckw"
Date: Mon, 24 Jun 2024 07:05:46 GMT
Via: 1.1 vegur

{
    "firstname": "Anil",
    "lastname": "Kumar",
    "totalprice": 2345,
    "depositpaid": false,
    "bookingdates": {
        "checkin": "2024-07-01",
        "checkout": "2024-07-12"
    },
    "additionalneeds": "Bed tea,Breakfast"
}
]]></system-out>
  </testcase>
  <testcase name="partialUpdateBooking" classname="com.nagarro.nagp.restassured.testpackage.AllBookingTest" time="3.689">
    <system-out><![CDATA[Test case  :partialUpdateBooking started
Generated token is :190c514d6920a4d
HTTP/1.1 200 OK
Server: Cowboy
Report-To: {"group":"heroku-nel","max_age":3600,"endpoints":[{"url":"https://nel.heroku.com/reports?ts=1719212749&sid=c46efe9b-d3d2-4a0c-8c76-bfafa16c5add&s=sf6exE7%2Bu86JV6IH%2BhNeps%2Fxyfgwym9OJ7Pz9UIlFU4%3D"}]}
Reporting-Endpoints: heroku-nel=https://nel.heroku.com/reports?ts=1719212749&sid=c46efe9b-d3d2-4a0c-8c76-bfafa16c5add&s=sf6exE7%2Bu86JV6IH%2BhNeps%2Fxyfgwym9OJ7Pz9UIlFU4%3D
Nel: {"report_to":"heroku-nel","max_age":3600,"success_fraction":0.005,"failure_fraction":0.05,"response_headers":["Via"]}
Connection: keep-alive
X-Powered-By: Express
Content-Type: application/json; charset=utf-8
Content-Length: 161
Etag: W/"a1-R0VIqwo/yTVKEwTZC3839Y5YS6w"
Date: Mon, 24 Jun 2024 07:05:49 GMT
Via: 1.1 vegur

{
    "firstname": null,
    "lastname": "yadav",
    "totalprice": 654,
    "depositpaid": false,
    "bookingdates": {
        "checkin": "2024-10-01",
        "checkout": "2024-11-10"
    },
    "additionalneeds": null
}
]]></system-out>
  </testcase>
  <testcase name="updateBooking" classname="com.nagarro.nagp.restassured.testpackage.AllBookingTest" time="4.813">
    <system-out><![CDATA[Test case  :updateBooking started
Generated token is :2421c3170f4f87c
Request method:	PUT
Request URI:	https://restful-booker.herokuapp.com/booking/1681
Proxy:			<none>
Request params:	<none>
Query params:	<none>
Form params:	<none>
Path params:	<none>
Headers:		Accept=application/json
				Content-Type=application/json
Cookies:		token=2421c3170f4f87c
Multiparts:		<none>
Body:
{
    "firstname": "Harshit",
    "lastname": "Yadav",
    "totalprice": 999,
    "depositpaid": false,
    "bookingdates": {
        "checkin": "2024-12-01",
        "checkout": "2024-12-25"
    },
    "additionalneeds": "Poha,coffee"
}
HTTP/1.1 200 OK
Server: Cowboy
Report-To: {"group":"heroku-nel","max_age":3600,"endpoints":[{"url":"https://nel.heroku.com/reports?ts=1719212753&sid=c46efe9b-d3d2-4a0c-8c76-bfafa16c5add&s=C8Fa3hhq5pN266vkMAvTBALm8Gje%2Bal6JQPQQQs%2FCD4%3D"}]}
Reporting-Endpoints: heroku-nel=https://nel.heroku.com/reports?ts=1719212753&sid=c46efe9b-d3d2-4a0c-8c76-bfafa16c5add&s=C8Fa3hhq5pN266vkMAvTBALm8Gje%2Bal6JQPQQQs%2FCD4%3D
Nel: {"report_to":"heroku-nel","max_age":3600,"success_fraction":0.005,"failure_fraction":0.05,"response_headers":["Via"]}
Connection: keep-alive
X-Powered-By: Express
Content-Type: application/json; charset=utf-8
Content-Length: 175
Etag: W/"af-zYa1YuJozaBpiYLxNFa067vQne0"
Date: Mon, 24 Jun 2024 07:05:53 GMT
Via: 1.1 vegur

{
    "firstname": "Harshit",
    "lastname": "Yadav",
    "totalprice": 999,
    "depositpaid": false,
    "bookingdates": {
        "checkin": "2024-12-01",
        "checkout": "2024-12-25"
    },
    "additionalneeds": "Poha,coffee"
}
HTTP/1.1 200 OK
Server: Cowboy
Report-To: {"group":"heroku-nel","max_age":3600,"endpoints":[{"url":"https://nel.heroku.com/reports?ts=1719212753&sid=c46efe9b-d3d2-4a0c-8c76-bfafa16c5add&s=C8Fa3hhq5pN266vkMAvTBALm8Gje%2Bal6JQPQQQs%2FCD4%3D"}]}
Reporting-Endpoints: heroku-nel=https://nel.heroku.com/reports?ts=1719212753&sid=c46efe9b-d3d2-4a0c-8c76-bfafa16c5add&s=C8Fa3hhq5pN266vkMAvTBALm8Gje%2Bal6JQPQQQs%2FCD4%3D
Nel: {"report_to":"heroku-nel","max_age":3600,"success_fraction":0.005,"failure_fraction":0.05,"response_headers":["Via"]}
Connection: keep-alive
X-Powered-By: Express
Content-Type: application/json; charset=utf-8
Content-Length: 175
Etag: W/"af-zYa1YuJozaBpiYLxNFa067vQne0"
Date: Mon, 24 Jun 2024 07:05:53 GMT
Via: 1.1 vegur

{
    "firstname": "Harshit",
    "lastname": "Yadav",
    "totalprice": 999,
    "depositpaid": false,
    "bookingdates": {
        "checkin": "2024-12-01",
        "checkout": "2024-12-25"
    },
    "additionalneeds": "Poha,coffee"
}
]]></system-out>
  </testcase>
  <testcase name="deleteBooking" classname="com.nagarro.nagp.restassured.testpackage.AllBookingTest" time="3.164">
    <system-out><![CDATA[Test case  :deleteBooking started
Generated token is :aa6c72caf6dd6d7
Request method:	DELETE
Request URI:	https://restful-booker.herokuapp.com/booking/1681
Proxy:			<none>
Request params:	<none>
Query params:	<none>
Form params:	<none>
Path params:	<none>
Headers:		Accept=*/*
				Content-Type=application/json
Cookies:		token=aa6c72caf6dd6d7
Multiparts:		<none>
Body:			<none>
HTTP/1.1 201 Created
Server: Cowboy
Report-To: {"group":"heroku-nel","max_age":3600,"endpoints":[{"url":"https://nel.heroku.com/reports?ts=1719212757&sid=c46efe9b-d3d2-4a0c-8c76-bfafa16c5add&s=JNYU%2FyjvgDTsHABC7A7%2BFtUKk6tsOBWkrE2nbwLdRWQ%3D"}]}
Reporting-Endpoints: heroku-nel=https://nel.heroku.com/reports?ts=1719212757&sid=c46efe9b-d3d2-4a0c-8c76-bfafa16c5add&s=JNYU%2FyjvgDTsHABC7A7%2BFtUKk6tsOBWkrE2nbwLdRWQ%3D
Nel: {"report_to":"heroku-nel","max_age":3600,"success_fraction":0.005,"failure_fraction":0.05,"response_headers":["Via"]}
Connection: keep-alive
X-Powered-By: Express
Content-Type: text/plain; charset=utf-8
Content-Length: 7
Etag: W/"7-rM9AyJuqT6iOan/xHh+AW+7K/T8"
Date: Mon, 24 Jun 2024 07:05:57 GMT
Via: 1.1 vegur

Created
]]></system-out>
  </testcase>
  <testcase name="getBookings" classname="com.nagarro.nagp.restassured.testpackage.AllBookingTest" time="1.733">
    <system-out><![CDATA[Test case  :getBookings started
Request method:	GET
Request URI:	https://restful-booker.herokuapp.com/booking/
Proxy:			<none>
Request params:	<none>
Query params:	<none>
Form params:	<none>
Path params:	<none>
Headers:		Accept=*/*
				Content-Type=application/json
Cookies:		<none>
Multiparts:		<none>
Body:			<none>
No of bookings available at the momement are :1262
]]></system-out>
  </testcase>
  <testcase name="createBookingResponseSchemaValidation" classname="com.nagarro.nagp.restassured.testpackage.AllBookingTest" time="1.625">
    <system-out><![CDATA[Test case  :createBookingResponseSchemaValidation started
Request method:	POST
Request URI:	https://restful-booker.herokuapp.com/booking
Proxy:			<none>
Request params:	<none>
Query params:	<none>
Form params:	<none>
Path params:	<none>
Headers:		Accept=*/*
				Content-Type=application/json
Cookies:		<none>
Multiparts:		<none>
Body:
{
    "firstname": "Anil",
    "lastname": "Kumar",
    "totalprice": 2345,
    "depositpaid": false,
    "bookingdates": {
        "checkin": "2024-07-01",
        "checkout": "2024-07-12"
    },
    "additionalneeds": "Bed tea,Breakfast"
}
New book id is 1836
Schema: {
  "type": "object",
  "properties": {
    "booking": {
      "type": "object",
      "properties": {
        "firstname": {"type": "string"},
        "additionalneeds": {"type": "string"},
        "bookingdates": {
          "type": "object",
          "properties": {
            "checkin": {
              "format": "date",
              "type": "string"
            },
            "checkout": {
              "format": "date",
              "type": "string"
            }
          },
          "required": [
            "checkin",
            "checkout"
          ]
        },
        "totalprice": {"type": "integer"},
        "depositpaid": {"type": "boolean"},
        "lastname": {"type": "string"}
      },
      "required": [
        "firstname",
        "lastname",
        "totalprice",
        "depositpaid",
        "bookingdates",
        "additionalneeds"
      ]
    },
    "bookingid": {"type": "integer"}
  },
  "required": [
    "bookingid",
    "booking"
  ]
}
Response: {"bookingid":1836,"booking":{"firstname":"Anil","lastname":"Kumar","totalprice":2345,"depositpaid":false,"bookingdates":{"checkin":"2024-07-01","checkout":"2024-07-12"},"additionalneeds":"Bed tea,Breakfast"}}
]]></system-out>
  </testcase>
</testsuite>