<?xml version="1.0" encoding="UTF-8"?>
<testng-results ignored="6" total="7" passed="1" failed="0" skipped="0">
  <reporter-output>
  </reporter-output>
  <suite started-at="2024-06-24T16:50:21 IST" name="Default suite" finished-at="2024-06-24T16:50:25 IST" duration-ms="4854">
    <groups>
    </groups>
    <test started-at="2024-06-24T16:50:21 IST" name="Default test" finished-at="2024-06-24T16:50:25 IST" duration-ms="4854">
      <class name="com.nagarro.nagp.restassured.testpackage.AllBookingTest">
        <test-method is-config="true" signature="setup()[pri:0, instance:com.nagarro.nagp.restassured.testpackage.AllBookingTest@21005f6c]" started-at="2024-06-24T16:50:21 IST" name="setup" finished-at="2024-06-24T16:50:21 IST" duration-ms="302" status="PASS">
          <reporter-output>
          </reporter-output>
        </test-method> <!-- setup -->
        <test-method signature="createBooking()[pri:0, instance:com.nagarro.nagp.restassured.testpackage.AllBookingTest@21005f6c]" started-at="2024-06-24T16:50:21 IST" name="createBooking" description="To create a new booking" finished-at="2024-06-24T16:50:25 IST" duration-ms="4528" status="PASS">
          <reporter-output>
          </reporter-output>
        </test-method> <!-- createBooking -->
      </class> <!-- com.nagarro.nagp.restassured.testpackage.AllBookingTest -->
    </test> <!-- Default test -->
  </suite> <!-- Default suite -->
</testng-results>
